2025-01-26 21:15:59,247 - INFO - Starting upload process.
2025-01-26 21:15:59,247 - INFO - API URL: http://localhost:8000/api/upload_file
2025-01-26 21:15:59,247 - INFO - Data Directory: ../data/code-challenge-template/wx_data
2025-01-26 21:15:59,248 - ERROR - Data directory does not exist: ../data/code-challenge-template/wx_data
2025-01-26 21:15:59,248 - WARNING - No files found to upload. Exiting.
2025-01-26 21:16:11,353 - INFO - Starting upload process.
2025-01-26 21:16:11,353 - INFO - API URL: http://localhost:8000/api/upload_file
2025-01-26 21:16:11,353 - INFO - Data Directory: /Users/gavinnelson/coderepos/weather-api-assignment/data/code-challenge-template/wx_data
2025-01-26 21:16:11,354 - INFO - Found 167 files to upload in /Users/gavinnelson/coderepos/weather-api-assignment/data/code-challenge-template/wx_data.
2025-01-26 21:16:11,996 - INFO - Successfully uploaded USC00257715.txt: {'message': "File 'USC00257715.txt' processed successfully.", 'details': {'total_records': 10957, 'inserted_records': 10957, 'time_taken': 0.63}}
2025-01-26 21:16:12,529 - INFO - Successfully uploaded USC00113879.txt: {'message': "File 'USC00113879.txt' processed successfully.", 'details': {'total_records': 9074, 'inserted_records': 9074, 'time_taken': 0.53}}
2025-01-26 21:16:13,079 - INFO - Successfully uploaded USC00127935.txt: {'message': "File 'USC00127935.txt' processed successfully.", 'details': {'total_records': 10380, 'inserted_records': 10380, 'time_taken': 0.55}}
2025-01-26 21:16:13,655 - INFO - Successfully uploaded USC00112193.txt: {'message': "File 'USC00112193.txt' processed successfully.", 'details': {'total_records': 10653, 'inserted_records': 10653, 'time_taken': 0.57}}
2025-01-26 21:16:14,213 - INFO - Successfully uploaded USC00250640.txt: {'message': "File 'USC00250640.txt' processed successfully.", 'details': {'total_records': 10957, 'inserted_records': 10957, 'time_taken': 0.55}}
2025-01-26 21:16:14,801 - INFO - Successfully uploaded USC00257070.txt: {'message': "File 'USC00257070.txt' processed successfully.", 'details': {'total_records': 10926, 'inserted_records': 10926, 'time_taken': 0.59}}
2025-01-26 21:16:15,397 - INFO - Successfully uploaded USC00114442.txt: {'message': "File 'USC00114442.txt' processed successfully.", 'details': {'total_records': 10957, 'inserted_records': 10957, 'time_taken': 0.59}}
2025-01-26 21:16:15,946 - INFO - Successfully uploaded USC00115833.txt: {'message': "File 'USC00115833.txt' processed successfully.", 'details': {'total_records': 10866, 'inserted_records': 10866, 'time_taken': 0.54}}
2025-01-26 21:16:16,546 - INFO - Successfully uploaded USC00130133.txt: {'message': "File 'USC00130133.txt' processed successfully.", 'details': {'total_records': 10957, 'inserted_records': 10957, 'time_taken': 0.6}}
2025-01-26 21:16:17,098 - INFO - Successfully uploaded USC00132724.txt: {'message': "File 'USC00132724.txt' processed successfully.", 'details': {'total_records': 10836, 'inserted_records': 10836, 'time_taken': 0.55}}
2025-01-26 21:16:17,647 - INFO - Successfully uploaded USC00250130.txt: {'message': "File 'USC00250130.txt' processed successfully.", 'details': {'total_records': 9587, 'inserted_records': 9587, 'time_taken': 0.55}}
2025-01-26 21:16:18,209 - INFO - Successfully uploaded USC00256970.txt: {'message': "File 'USC00256970.txt' processed successfully.", 'details': {'total_records': 10017, 'inserted_records': 10017, 'time_taken': 0.56}}
2025-01-26 21:16:18,779 - INFO - Successfully uploaded USC00116446.txt: {'message': "File 'USC00116446.txt' processed successfully.", 'details': {'total_records': 10654, 'inserted_records': 10654, 'time_taken': 0.57}}
2025-01-26 21:16:19,336 - INFO - Successfully uploaded USC00253175.txt: {'message': "File 'USC00253175.txt' processed successfully.", 'details': {'total_records': 10957, 'inserted_records': 10957, 'time_taken': 0.55}}
2025-01-26 21:16:19,929 - INFO - Successfully uploaded USC00129113.txt: {'message': "File 'USC00129113.txt' processed successfully.", 'details': {'total_records': 10927, 'inserted_records': 10927, 'time_taken': 0.59}}
2025-01-26 21:16:20,482 - INFO - Successfully uploaded USC00134142.txt: {'message': "File 'USC00134142.txt' processed successfully.", 'details': {'total_records': 10807, 'inserted_records': 10807, 'time_taken': 0.55}}
2025-01-26 21:16:20,824 - INFO - Successfully uploaded USC00121229.txt: {'message': "File 'USC00121229.txt' processed successfully.", 'details': {'total_records': 6087, 'inserted_records': 6087, 'time_taken': 0.34}}
2025-01-26 21:16:21,482 - INFO - Successfully uploaded USC00116526.txt: {'message': "File 'USC00116526.txt' processed successfully.", 'details': {'total_records': 10926, 'inserted_records': 10926, 'time_taken': 0.65}}
2025-01-26 21:16:21,968 - INFO - Successfully uploaded USC00259510.txt: {'message': "File 'USC00259510.txt' processed successfully.", 'details': {'total_records': 8735, 'inserted_records': 8735, 'time_taken': 0.48}}
2025-01-26 21:16:22,451 - INFO - Successfully uploaded USC00255470.txt: {'message': "File 'USC00255470.txt' processed successfully.", 'details': {'total_records': 8489, 'inserted_records': 8489, 'time_taken': 0.48}}
2025-01-26 21:16:22,992 - INFO - Successfully uploaded USC00257515.txt: {'message': "File 'USC00257515.txt' processed successfully.", 'details': {'total_records': 10075, 'inserted_records': 10075, 'time_taken': 0.54}}
2025-01-26 21:16:23,593 - INFO - Successfully uploaded USC00258395.txt: {'message': "File 'USC00258395.txt' processed successfully.", 'details': {'total_records': 10957, 'inserted_records': 10957, 'time_taken': 0.6}}
2025-01-26 21:16:24,147 - INFO - Successfully uploaded USC00338313.txt: {'message': "File 'USC00338313.txt' processed successfully.", 'details': {'total_records': 9862, 'inserted_records': 9862, 'time_taken': 0.55}}
2025-01-26 21:16:24,803 - INFO - Successfully uploaded USC00131402.txt: {'message': "File 'USC00131402.txt' processed successfully.", 'details': {'total_records': 10957, 'inserted_records': 10957, 'time_taken': 0.65}}
2025-01-26 21:16:25,365 - INFO - Successfully uploaded USC00118916.txt: {'message': "File 'USC00118916.txt' processed successfully.", 'details': {'total_records': 10865, 'inserted_records': 10865, 'time_taken': 0.56}}
2025-01-26 21:16:25,940 - INFO - Successfully uploaded USC00124181.txt: {'message': "File 'USC00124181.txt' processed successfully.", 'details': {'total_records': 10681, 'inserted_records': 10681, 'time_taken': 0.57}}
2025-01-26 21:16:26,510 - INFO - Successfully uploaded USC00128036.txt: {'message': "File 'USC00128036.txt' processed successfully.", 'details': {'total_records': 10835, 'inserted_records': 10835, 'time_taken': 0.57}}
2025-01-26 21:16:27,111 - INFO - Successfully uploaded USC00126580.txt: {'message': "File 'USC00126580.txt' processed successfully.", 'details': {'total_records': 10899, 'inserted_records': 10899, 'time_taken': 0.6}}
2025-01-26 21:16:27,773 - INFO - Successfully uploaded USC00129670.txt: {'message': "File 'USC00129670.txt' processed successfully.", 'details': {'total_records': 10957, 'inserted_records': 10957, 'time_taken': 0.66}}
2025-01-26 21:16:28,343 - INFO - Successfully uploaded USC00115943.txt: {'message': "File 'USC00115943.txt' processed successfully.", 'details': {'total_records': 10957, 'inserted_records': 10957, 'time_taken': 0.57}}
2025-01-26 21:16:28,639 - INFO - Successfully uploaded USC00124008.txt: {'message': "File 'USC00124008.txt' processed successfully.", 'details': {'total_records': 5476, 'inserted_records': 5476, 'time_taken': 0.29}}
2025-01-26 21:16:29,218 - INFO - Successfully uploaded USC00116910.txt: {'message': "File 'USC00116910.txt' processed successfully.", 'details': {'total_records': 10898, 'inserted_records': 10898, 'time_taken': 0.58}}
2025-01-26 21:16:29,826 - INFO - Successfully uploaded USC00114108.txt: {'message': "File 'USC00114108.txt' processed successfully.", 'details': {'total_records': 10896, 'inserted_records': 10896, 'time_taken': 0.6}}
2025-01-26 21:16:30,464 - INFO - Successfully uploaded USC00127298.txt: {'message': "File 'USC00127298.txt' processed successfully.", 'details': {'total_records': 10957, 'inserted_records': 10957, 'time_taken': 0.64}}
2025-01-26 21:16:31,021 - INFO - Successfully uploaded USC00110187.txt: {'message': "File 'USC00110187.txt' processed successfully.", 'details': {'total_records': 10407, 'inserted_records': 10407, 'time_taken': 0.55}}
2025-01-26 21:16:31,612 - INFO - Successfully uploaded USC00253365.txt: {'message': "File 'USC00253365.txt' processed successfully.", 'details': {'total_records': 10926, 'inserted_records': 10926, 'time_taken': 0.59}}
2025-01-26 21:16:32,162 - INFO - Successfully uploaded USC00251200.txt: {'message': "File 'USC00251200.txt' processed successfully.", 'details': {'total_records': 10805, 'inserted_records': 10805, 'time_taken': 0.55}}
2025-01-26 21:16:32,725 - INFO - Successfully uploaded USC00112140.txt: {'message': "File 'USC00112140.txt' processed successfully.", 'details': {'total_records': 10957, 'inserted_records': 10957, 'time_taken': 0.56}}
2025-01-26 21:16:33,325 - INFO - Successfully uploaded USC00253615.txt: {'message': "File 'USC00253615.txt' processed successfully.", 'details': {'total_records': 10927, 'inserted_records': 10927, 'time_taken': 0.6}}
2025-01-26 21:16:33,967 - INFO - Successfully uploaded USC00255310.txt: {'message': "File 'USC00255310.txt' processed successfully.", 'details': {'total_records': 10926, 'inserted_records': 10926, 'time_taken': 0.64}}
2025-01-26 21:16:34,561 - INFO - Successfully uploaded USC00132864.txt: {'message': "File 'USC00132864.txt' processed successfully.", 'details': {'total_records': 10957, 'inserted_records': 10957, 'time_taken': 0.59}}
2025-01-26 21:16:34,967 - INFO - Successfully uploaded USC00129511.txt: {'message': "File 'USC00129511.txt' processed successfully.", 'details': {'total_records': 6849, 'inserted_records': 6849, 'time_taken': 0.4}}
2025-01-26 21:16:35,545 - INFO - Successfully uploaded USC00118740.txt: {'message': "File 'USC00118740.txt' processed successfully.", 'details': {'total_records': 10957, 'inserted_records': 10957, 'time_taken': 0.57}}
2025-01-26 21:16:36,151 - INFO - Successfully uploaded USC00333780.txt: {'message': "File 'USC00333780.txt' processed successfully.", 'details': {'total_records': 10927, 'inserted_records': 10927, 'time_taken': 0.6}}
2025-01-26 21:16:36,786 - INFO - Successfully uploaded USC00254900.txt: {'message': "File 'USC00254900.txt' processed successfully.", 'details': {'total_records': 10927, 'inserted_records': 10927, 'time_taken': 0.63}}
2025-01-26 21:16:37,377 - INFO - Successfully uploaded USC00255565.txt: {'message': "File 'USC00255565.txt' processed successfully.", 'details': {'total_records': 10957, 'inserted_records': 10957, 'time_taken': 0.59}}
2025-01-26 21:16:37,973 - INFO - Successfully uploaded USC00250435.txt: {'message': "File 'USC00250435.txt' processed successfully.", 'details': {'total_records': 10957, 'inserted_records': 10957, 'time_taken': 0.59}}
2025-01-26 21:16:38,549 - INFO - Successfully uploaded USC00252020.txt: {'message': "File 'USC00252020.txt' processed successfully.", 'details': {'total_records': 10746, 'inserted_records': 10746, 'time_taken': 0.57}}
2025-01-26 21:16:39,148 - INFO - Successfully uploaded USC00138296.txt: {'message': "File 'USC00138296.txt' processed successfully.", 'details': {'total_records': 10837, 'inserted_records': 10837, 'time_taken': 0.6}}
2025-01-26 21:16:39,781 - INFO - Successfully uploaded USC00132977.txt: {'message': "File 'USC00132977.txt' processed successfully.", 'details': {'total_records': 10957, 'inserted_records': 10957, 'time_taken': 0.63}}
2025-01-26 21:16:40,348 - INFO - Successfully uploaded USC00118147.txt: {'message': "File 'USC00118147.txt' processed successfully.", 'details': {'total_records': 9896, 'inserted_records': 9896, 'time_taken': 0.56}}
2025-01-26 21:16:40,916 - INFO - Successfully uploaded USC00250622.txt: {'message': "File 'USC00250622.txt' processed successfully.", 'details': {'total_records': 10896, 'inserted_records': 10896, 'time_taken': 0.57}}
2025-01-26 21:16:41,499 - INFO - Successfully uploaded USC00331592.txt: {'message': "File 'USC00331592.txt' processed successfully.", 'details': {'total_records': 10957, 'inserted_records': 10957, 'time_taken': 0.58}}
2025-01-26 21:16:42,103 - INFO - Successfully uploaded USC00258915.txt: {'message': "File 'USC00258915.txt' processed successfully.", 'details': {'total_records': 10957, 'inserted_records': 10957, 'time_taken': 0.6}}
2025-01-26 21:16:42,666 - INFO - Successfully uploaded USC00250420.txt: {'message': "File 'USC00250420.txt' processed successfully.", 'details': {'total_records': 10379, 'inserted_records': 10379, 'time_taken': 0.56}}
2025-01-26 21:16:43,340 - INFO - Successfully uploaded USC00338830.txt: {'message': "File 'USC00338830.txt' processed successfully.", 'details': {'total_records': 10957, 'inserted_records': 10957, 'time_taken': 0.67}}
2025-01-26 21:16:43,696 - INFO - Successfully uploaded USC00115515.txt: {'message': "File 'USC00115515.txt' processed successfully.", 'details': {'total_records': 6271, 'inserted_records': 6271, 'time_taken': 0.35}}
2025-01-26 21:16:44,260 - INFO - Successfully uploaded USC00120784.txt: {'message': "File 'USC00120784.txt' processed successfully.", 'details': {'total_records': 10897, 'inserted_records': 10897, 'time_taken': 0.56}}
2025-01-26 21:16:44,854 - INFO - Successfully uploaded USC00112483.txt: {'message': "File 'USC00112483.txt' processed successfully.", 'details': {'total_records': 10898, 'inserted_records': 10898, 'time_taken': 0.59}}
2025-01-26 21:16:45,416 - INFO - Successfully uploaded USC00332098.txt: {'message': "File 'USC00332098.txt' processed successfully.", 'details': {'total_records': 10927, 'inserted_records': 10927, 'time_taken': 0.56}}
2025-01-26 21:16:46,051 - INFO - Successfully uploaded USC00116579.txt: {'message': "File 'USC00116579.txt' processed successfully.", 'details': {'total_records': 10407, 'inserted_records': 10407, 'time_taken': 0.63}}
2025-01-26 21:16:46,658 - INFO - Successfully uploaded USC00137979.txt: {'message': "File 'USC00137979.txt' processed successfully.", 'details': {'total_records': 10926, 'inserted_records': 10926, 'time_taken': 0.6}}
2025-01-26 21:16:47,218 - INFO - Successfully uploaded USC00258480.txt: {'message': "File 'USC00258480.txt' processed successfully.", 'details': {'total_records': 10808, 'inserted_records': 10808, 'time_taken': 0.56}}
2025-01-26 21:16:47,735 - INFO - Successfully uploaded USC00258133.txt: {'message': "File 'USC00258133.txt' processed successfully.", 'details': {'total_records': 9225, 'inserted_records': 9225, 'time_taken': 0.51}}
2025-01-26 21:16:48,320 - INFO - Successfully uploaded USC00115712.txt: {'message': "File 'USC00115712.txt' processed successfully.", 'details': {'total_records': 10957, 'inserted_records': 10957, 'time_taken': 0.58}}
2025-01-26 21:16:48,813 - INFO - Successfully uploaded USC00331152.txt: {'message': "File 'USC00331152.txt' processed successfully.", 'details': {'total_records': 8886, 'inserted_records': 8886, 'time_taken': 0.49}}
2025-01-26 21:16:49,422 - INFO - Successfully uploaded USC00335297.txt: {'message': "File 'USC00335297.txt' processed successfully.", 'details': {'total_records': 9557, 'inserted_records': 9557, 'time_taken': 0.61}}
2025-01-26 21:16:49,979 - INFO - Successfully uploaded USC00334189.txt: {'message': "File 'USC00334189.txt' processed successfully.", 'details': {'total_records': 10834, 'inserted_records': 10834, 'time_taken': 0.55}}
2025-01-26 21:16:50,567 - INFO - Successfully uploaded USC00253660.txt: {'message': "File 'USC00253660.txt' processed successfully.", 'details': {'total_records': 10896, 'inserted_records': 10896, 'time_taken': 0.58}}
2025-01-26 21:16:51,148 - INFO - Successfully uploaded USC00137161.txt: {'message': "File 'USC00137161.txt' processed successfully.", 'details': {'total_records': 10957, 'inserted_records': 10957, 'time_taken': 0.58}}
2025-01-26 21:16:51,695 - INFO - Successfully uploaded USC00336600.txt: {'message': "File 'USC00336600.txt' processed successfully.", 'details': {'total_records': 10561, 'inserted_records': 10561, 'time_taken': 0.54}}
2025-01-26 21:16:52,189 - INFO - Successfully uploaded USC00253715.txt: {'message': "File 'USC00253715.txt' processed successfully.", 'details': {'total_records': 8521, 'inserted_records': 8521, 'time_taken': 0.49}}
2025-01-26 21:16:52,768 - INFO - Successfully uploaded USC00338822.txt: {'message': "File 'USC00338822.txt' processed successfully.", 'details': {'total_records': 10957, 'inserted_records': 10957, 'time_taken': 0.58}}
2025-01-26 21:16:53,392 - INFO - Successfully uploaded USC00256135.txt: {'message': "File 'USC00256135.txt' processed successfully.", 'details': {'total_records': 10957, 'inserted_records': 10957, 'time_taken': 0.62}}
2025-01-26 21:16:53,950 - INFO - Successfully uploaded USC00254440.txt: {'message': "File 'USC00254440.txt' processed successfully.", 'details': {'total_records': 10866, 'inserted_records': 10866, 'time_taken': 0.55}}
2025-01-26 21:16:54,548 - INFO - Successfully uploaded USC00132999.txt: {'message': "File 'USC00132999.txt' processed successfully.", 'details': {'total_records': 10804, 'inserted_records': 10804, 'time_taken': 0.59}}
2025-01-26 21:16:55,090 - INFO - Successfully uploaded USC00335041.txt: {'message': "File 'USC00335041.txt' processed successfully.", 'details': {'total_records': 10896, 'inserted_records': 10896, 'time_taken': 0.54}}
2025-01-26 21:16:55,721 - INFO - Successfully uploaded USC00331541.txt: {'message': "File 'USC00331541.txt' processed successfully.", 'details': {'total_records': 10957, 'inserted_records': 10957, 'time_taken': 0.63}}
2025-01-26 21:16:56,304 - INFO - Successfully uploaded USC00135952.txt: {'message': "File 'USC00135952.txt' processed successfully.", 'details': {'total_records': 10899, 'inserted_records': 10899, 'time_taken': 0.58}}
2025-01-26 21:16:56,886 - INFO - Successfully uploaded USC00256040.txt: {'message': "File 'USC00256040.txt' processed successfully.", 'details': {'total_records': 9009, 'inserted_records': 9009, 'time_taken': 0.58}}
2025-01-26 21:16:57,459 - INFO - Successfully uploaded USC00134735.txt: {'message': "File 'USC00134735.txt' processed successfully.", 'details': {'total_records': 10928, 'inserted_records': 10928, 'time_taken': 0.57}}
2025-01-26 21:16:58,021 - INFO - Successfully uploaded USC00123513.txt: {'message': "File 'USC00123513.txt' processed successfully.", 'details': {'total_records': 10347, 'inserted_records': 10347, 'time_taken': 0.56}}
2025-01-26 21:16:58,652 - INFO - Successfully uploaded USC00129557.txt: {'message': "File 'USC00129557.txt' processed successfully.", 'details': {'total_records': 10957, 'inserted_records': 10957, 'time_taken': 0.63}}
2025-01-26 21:16:59,235 - INFO - Successfully uploaded USC00114198.txt: {'message': "File 'USC00114198.txt' processed successfully.", 'details': {'total_records': 10926, 'inserted_records': 10926, 'time_taken': 0.58}}
2025-01-26 21:16:59,846 - INFO - Successfully uploaded USC00252820.txt: {'message': "File 'USC00252820.txt' processed successfully.", 'details': {'total_records': 10896, 'inserted_records': 10896, 'time_taken': 0.61}}
2025-01-26 21:17:00,396 - INFO - Successfully uploaded USC00120177.txt: {'message': "File 'USC00120177.txt' processed successfully.", 'details': {'total_records': 10837, 'inserted_records': 10837, 'time_taken': 0.55}}
2025-01-26 21:17:01,008 - INFO - Successfully uploaded USC00134894.txt: {'message': "File 'USC00134894.txt' processed successfully.", 'details': {'total_records': 10867, 'inserted_records': 10867, 'time_taken': 0.61}}
2025-01-26 21:17:01,686 - INFO - Successfully uploaded USC00130600.txt: {'message': "File 'USC00130600.txt' processed successfully.", 'details': {'total_records': 10928, 'inserted_records': 10928, 'time_taken': 0.67}}
2025-01-26 21:17:02,287 - INFO - Successfully uploaded USC00137147.txt: {'message': "File 'USC00137147.txt' processed successfully.", 'details': {'total_records': 10957, 'inserted_records': 10957, 'time_taken': 0.6}}
2025-01-26 21:17:02,881 - INFO - Successfully uploaded USC00116610.txt: {'message': "File 'USC00116610.txt' processed successfully.", 'details': {'total_records': 10957, 'inserted_records': 10957, 'time_taken': 0.59}}
2025-01-26 21:17:03,443 - INFO - Successfully uploaded USC00126705.txt: {'message': "File 'USC00126705.txt' processed successfully.", 'details': {'total_records': 10598, 'inserted_records': 10598, 'time_taken': 0.56}}
2025-01-26 21:17:04,017 - INFO - Successfully uploaded USC00339312.txt: {'message': "File 'USC00339312.txt' processed successfully.", 'details': {'total_records': 10957, 'inserted_records': 10957, 'time_taken': 0.57}}
2025-01-26 21:17:04,609 - INFO - Successfully uploaded USC00336196.txt: {'message': "File 'USC00336196.txt' processed successfully.", 'details': {'total_records': 10957, 'inserted_records': 10957, 'time_taken': 0.59}}
2025-01-26 21:17:05,203 - INFO - Successfully uploaded USC00134063.txt: {'message': "File 'USC00134063.txt' processed successfully.", 'details': {'total_records': 10714, 'inserted_records': 10714, 'time_taken': 0.59}}
2025-01-26 21:17:05,529 - INFO - Successfully uploaded USC00332119.txt: {'message': "File 'USC00332119.txt' processed successfully.", 'details': {'total_records': 5722, 'inserted_records': 5722, 'time_taken': 0.32}}
2025-01-26 21:17:06,094 - INFO - Successfully uploaded USC00120200.txt: {'message': "File 'USC00120200.txt' processed successfully.", 'details': {'total_records': 10927, 'inserted_records': 10927, 'time_taken': 0.56}}
2025-01-26 21:17:06,701 - INFO - Successfully uploaded USC00258465.txt: {'message': "File 'USC00258465.txt' processed successfully.", 'details': {'total_records': 10684, 'inserted_records': 10684, 'time_taken': 0.6}}
2025-01-26 21:17:07,229 - INFO - Successfully uploaded USC00115326.txt: {'message': "File 'USC00115326.txt' processed successfully.", 'details': {'total_records': 10077, 'inserted_records': 10077, 'time_taken': 0.52}}
2025-01-26 21:17:07,934 - INFO - Successfully uploaded USC00338769.txt: {'message': "File 'USC00338769.txt' processed successfully.", 'details': {'total_records': 10957, 'inserted_records': 10957, 'time_taken': 0.7}}
2025-01-26 21:17:08,528 - INFO - Successfully uploaded USC00116558.txt: {'message': "File 'USC00116558.txt' processed successfully.", 'details': {'total_records': 10804, 'inserted_records': 10804, 'time_taken': 0.59}}
2025-01-26 21:17:09,069 - INFO - Successfully uploaded USC00115079.txt: {'message': "File 'USC00115079.txt' processed successfully.", 'details': {'total_records': 10501, 'inserted_records': 10501, 'time_taken': 0.54}}
2025-01-26 21:17:09,700 - INFO - Successfully uploaded USC00253735.txt: {'message': "File 'USC00253735.txt' processed successfully.", 'details': {'total_records': 10868, 'inserted_records': 10868, 'time_taken': 0.63}}
2025-01-26 21:17:10,268 - INFO - Successfully uploaded USC00333758.txt: {'message': "File 'USC00333758.txt' processed successfully.", 'details': {'total_records': 10712, 'inserted_records': 10712, 'time_taken': 0.56}}
2025-01-26 21:17:10,947 - INFO - Successfully uploaded USC00335315.txt: {'message': "File 'USC00335315.txt' processed successfully.", 'details': {'total_records': 9768, 'inserted_records': 9768, 'time_taken': 0.68}}
2025-01-26 21:17:11,544 - INFO - Successfully uploaded USC00252205.txt: {'message': "File 'USC00252205.txt' processed successfully.", 'details': {'total_records': 10926, 'inserted_records': 10926, 'time_taken': 0.59}}
2025-01-26 21:17:12,143 - INFO - Successfully uploaded USC00125237.txt: {'message': "File 'USC00125237.txt' processed successfully.", 'details': {'total_records': 10865, 'inserted_records': 10865, 'time_taken': 0.6}}
2025-01-26 21:17:12,908 - INFO - Successfully uploaded USC00333375.txt: {'message': "File 'USC00333375.txt' processed successfully.", 'details': {'total_records': 10926, 'inserted_records': 10926, 'time_taken': 0.76}}
2025-01-26 21:17:13,626 - INFO - Successfully uploaded USC00338552.txt: {'message': "File 'USC00338552.txt' processed successfully.", 'details': {'total_records': 10896, 'inserted_records': 0, 'time_taken': 0.69}}
2025-01-26 21:17:14,214 - INFO - Successfully uploaded USC00132789.txt: {'message': "File 'USC00132789.txt' processed successfully.", 'details': {'total_records': 10957, 'inserted_records': 10957, 'time_taken': 0.58}}
2025-01-26 21:17:14,868 - INFO - Successfully uploaded USC00250375.txt: {'message': "File 'USC00250375.txt' processed successfully.", 'details': {'total_records': 10835, 'inserted_records': 10835, 'time_taken': 0.65}}
2025-01-26 21:17:15,487 - INFO - Successfully uploaded USC00138688.txt: {'message': "File 'USC00138688.txt' processed successfully.", 'details': {'total_records': 10957, 'inserted_records': 10957, 'time_taken': 0.62}}
2025-01-26 21:17:16,050 - INFO - Successfully uploaded USC00115901.txt: {'message': "File 'USC00115901.txt' processed successfully.", 'details': {'total_records': 10957, 'inserted_records': 10957, 'time_taken': 0.56}}
2025-01-26 21:17:16,666 - INFO - Successfully uploaded USC00122149.txt: {'message': "File 'USC00122149.txt' processed successfully.", 'details': {'total_records': 9554, 'inserted_records': 9554, 'time_taken': 0.61}}
2025-01-26 21:17:17,270 - INFO - Successfully uploaded USC00114823.txt: {'message': "File 'USC00114823.txt' processed successfully.", 'details': {'total_records': 10929, 'inserted_records': 10929, 'time_taken': 0.6}}
2025-01-26 21:17:17,852 - INFO - Successfully uploaded USC00110338.txt: {'message': "File 'USC00110338.txt' processed successfully.", 'details': {'total_records': 10712, 'inserted_records': 10712, 'time_taken': 0.58}}
2025-01-26 21:17:18,545 - INFO - Successfully uploaded USC00121873.txt: {'message': "File 'USC00121873.txt' processed successfully.", 'details': {'total_records': 10742, 'inserted_records': 10742, 'time_taken': 0.69}}
2025-01-26 21:17:19,123 - INFO - Successfully uploaded USC00123527.txt: {'message': "File 'USC00123527.txt' processed successfully.", 'details': {'total_records': 10896, 'inserted_records': 10896, 'time_taken': 0.57}}
2025-01-26 21:17:19,641 - INFO - Successfully uploaded USC00127755.txt: {'message': "File 'USC00127755.txt' processed successfully.", 'details': {'total_records': 8467, 'inserted_records': 8467, 'time_taken': 0.52}}
2025-01-26 21:17:20,234 - INFO - Successfully uploaded USC00111436.txt: {'message': "File 'USC00111436.txt' processed successfully.", 'details': {'total_records': 10744, 'inserted_records': 10744, 'time_taken': 0.59}}
2025-01-26 21:17:20,845 - INFO - Successfully uploaded USC00110072.txt: {'message': "File 'USC00110072.txt' processed successfully.", 'details': {'total_records': 10865, 'inserted_records': 10865, 'time_taken': 0.61}}
2025-01-26 21:17:21,504 - INFO - Successfully uploaded USC00131533.txt: {'message': "File 'USC00131533.txt' processed successfully.", 'details': {'total_records': 10957, 'inserted_records': 10957, 'time_taken': 0.66}}
2025-01-26 21:17:22,126 - INFO - Successfully uploaded USC00135769.txt: {'message': "File 'USC00135769.txt' processed successfully.", 'details': {'total_records': 10833, 'inserted_records': 10833, 'time_taken': 0.62}}
2025-01-26 21:17:22,699 - INFO - Successfully uploaded USC00135796.txt: {'message': "File 'USC00135796.txt' processed successfully.", 'details': {'total_records': 10957, 'inserted_records': 10957, 'time_taken': 0.57}}
2025-01-26 21:17:23,303 - INFO - Successfully uploaded USC00119241.txt: {'message': "File 'USC00119241.txt' processed successfully.", 'details': {'total_records': 10869, 'inserted_records': 10869, 'time_taken': 0.6}}
2025-01-26 21:17:23,859 - INFO - Successfully uploaded USC00336781.txt: {'message': "File 'USC00336781.txt' processed successfully.", 'details': {'total_records': 10927, 'inserted_records': 10927, 'time_taken': 0.55}}
2025-01-26 21:17:24,489 - INFO - Successfully uploaded USC00254110.txt: {'message': "File 'USC00254110.txt' processed successfully.", 'details': {'total_records': 10683, 'inserted_records': 10683, 'time_taken': 0.63}}
2025-01-26 21:17:25,078 - INFO - Successfully uploaded USC00253910.txt: {'message': "File 'USC00253910.txt' processed successfully.", 'details': {'total_records': 10957, 'inserted_records': 10957, 'time_taken': 0.59}}
2025-01-26 21:17:25,647 - INFO - Successfully uploaded USC00253630.txt: {'message': "File 'USC00253630.txt' processed successfully.", 'details': {'total_records': 10927, 'inserted_records': 10927, 'time_taken': 0.57}}
2025-01-26 21:17:26,219 - INFO - Successfully uploaded USC00126001.txt: {'message': "File 'USC00126001.txt' processed successfully.", 'details': {'total_records': 10562, 'inserted_records': 10562, 'time_taken': 0.57}}
2025-01-26 21:17:26,838 - INFO - Successfully uploaded USC00255080.txt: {'message': "File 'USC00255080.txt' processed successfully.", 'details': {'total_records': 9556, 'inserted_records': 9556, 'time_taken': 0.62}}
2025-01-26 21:17:27,438 - INFO - Successfully uploaded USC00117551.txt: {'message': "File 'USC00117551.txt' processed successfully.", 'details': {'total_records': 10803, 'inserted_records': 10803, 'time_taken': 0.6}}
2025-01-26 21:17:28,064 - INFO - Successfully uploaded USC00121747.txt: {'message': "File 'USC00121747.txt' processed successfully.", 'details': {'total_records': 10957, 'inserted_records': 10957, 'time_taken': 0.62}}
2025-01-26 21:17:28,575 - INFO - Successfully uploaded USC00127875.txt: {'message': "File 'USC00127875.txt' processed successfully.", 'details': {'total_records': 8219, 'inserted_records': 8219, 'time_taken': 0.51}}
2025-01-26 21:17:29,135 - INFO - Successfully uploaded USC00127646.txt: {'message': "File 'USC00127646.txt' processed successfully.", 'details': {'total_records': 10957, 'inserted_records': 10957, 'time_taken': 0.56}}
2025-01-26 21:17:29,700 - INFO - Successfully uploaded USC00111280.txt: {'message': "File 'USC00111280.txt' processed successfully.", 'details': {'total_records': 9343, 'inserted_records': 9343, 'time_taken': 0.56}}
2025-01-26 21:17:30,009 - INFO - Successfully uploaded USC00121425.txt: {'message': "File 'USC00121425.txt' processed successfully.", 'details': {'total_records': 5811, 'inserted_records': 5811, 'time_taken': 0.31}}
2025-01-26 21:17:30,599 - INFO - Successfully uploaded USC00129253.txt: {'message': "File 'USC00129253.txt' processed successfully.", 'details': {'total_records': 10468, 'inserted_records': 10468, 'time_taken': 0.59}}
2025-01-26 21:17:31,122 - INFO - Successfully uploaded USC00250070.txt: {'message': "File 'USC00250070.txt' processed successfully.", 'details': {'total_records': 8918, 'inserted_records': 8918, 'time_taken': 0.52}}
2025-01-26 21:17:31,737 - INFO - Successfully uploaded USC00252840.txt: {'message': "File 'USC00252840.txt' processed successfully.", 'details': {'total_records': 9771, 'inserted_records': 9771, 'time_taken': 0.61}}
2025-01-26 21:17:32,190 - INFO - Successfully uploaded USC00116738.txt: {'message': "File 'USC00116738.txt' processed successfully.", 'details': {'total_records': 8126, 'inserted_records': 8126, 'time_taken': 0.45}}
2025-01-26 21:17:32,312 - INFO - Successfully uploaded USC00253035.txt: {'message': "File 'USC00253035.txt' processed successfully.", 'details': {'total_records': 2069, 'inserted_records': 2069, 'time_taken': 0.12}}
2025-01-26 21:17:32,903 - INFO - Successfully uploaded USC00130112.txt: {'message': "File 'USC00130112.txt' processed successfully.", 'details': {'total_records': 10806, 'inserted_records': 10806, 'time_taken': 0.59}}
2025-01-26 21:17:33,485 - INFO - Successfully uploaded USC00338534.txt: {'message': "File 'USC00338534.txt' processed successfully.", 'details': {'total_records': 10469, 'inserted_records': 10469, 'time_taken': 0.58}}
2025-01-26 21:17:34,146 - INFO - Successfully uploaded USC00115768.txt: {'message': "File 'USC00115768.txt' processed successfully.", 'details': {'total_records': 10745, 'inserted_records': 10745, 'time_taken': 0.66}}
2025-01-26 21:17:34,826 - INFO - Successfully uploaded USC00131635.txt: {'message': "File 'USC00131635.txt' processed successfully.", 'details': {'total_records': 10957, 'inserted_records': 10957, 'time_taken': 0.68}}
2025-01-26 21:17:35,409 - INFO - Successfully uploaded USC00251145.txt: {'message': "File 'USC00251145.txt' processed successfully.", 'details': {'total_records': 10836, 'inserted_records': 10836, 'time_taken': 0.58}}
2025-01-26 21:17:35,969 - INFO - Successfully uploaded USC00252100.txt: {'message': "File 'USC00252100.txt' processed successfully.", 'details': {'total_records': 10713, 'inserted_records': 10713, 'time_taken': 0.56}}
2025-01-26 21:17:36,570 - INFO - Successfully uploaded USC00119354.txt: {'message': "File 'USC00119354.txt' processed successfully.", 'details': {'total_records': 10896, 'inserted_records': 10896, 'time_taken': 0.6}}
2025-01-26 21:17:37,189 - INFO - Successfully uploaded USC00113335.txt: {'message': "File 'USC00113335.txt' processed successfully.", 'details': {'total_records': 10652, 'inserted_records': 10652, 'time_taken': 0.62}}
2025-01-26 21:17:37,769 - INFO - Successfully uploaded USC00256570.txt: {'message': "File 'USC00256570.txt' processed successfully.", 'details': {'total_records': 10836, 'inserted_records': 10836, 'time_taken': 0.58}}
2025-01-26 21:17:38,394 - INFO - Successfully uploaded USC00124837.txt: {'message': "File 'USC00124837.txt' processed successfully.", 'details': {'total_records': 10866, 'inserted_records': 10866, 'time_taken': 0.62}}
2025-01-26 21:17:38,974 - INFO - Successfully uploaded USC00112348.txt: {'message': "File 'USC00112348.txt' processed successfully.", 'details': {'total_records': 9681, 'inserted_records': 9681, 'time_taken': 0.58}}
2025-01-26 21:17:39,593 - INFO - Successfully uploaded USC00332791.txt: {'message': "File 'USC00332791.txt' processed successfully.", 'details': {'total_records': 10957, 'inserted_records': 10957, 'time_taken': 0.62}}
2025-01-26 21:17:40,139 - INFO - Successfully uploaded USC00336118.txt: {'message': "File 'USC00336118.txt' processed successfully.", 'details': {'total_records': 10957, 'inserted_records': 10957, 'time_taken': 0.54}}
2025-01-26 21:17:40,617 - INFO - Successfully uploaded USC00129080.txt: {'message': "File 'USC00129080.txt' processed successfully.", 'details': {'total_records': 7609, 'inserted_records': 7609, 'time_taken': 0.48}}
2025-01-26 21:17:41,225 - INFO - Successfully uploaded USC00127522.txt: {'message': "File 'USC00127522.txt' processed successfully.", 'details': {'total_records': 10926, 'inserted_records': 10926, 'time_taken': 0.6}}
2025-01-26 21:17:41,824 - INFO - Successfully uploaded USC00125337.txt: {'message': "File 'USC00125337.txt' processed successfully.", 'details': {'total_records': 10926, 'inserted_records': 10926, 'time_taken': 0.6}}
2025-01-26 21:17:42,388 - INFO - Successfully uploaded USC00123418.txt: {'message': "File 'USC00123418.txt' processed successfully.", 'details': {'total_records': 10957, 'inserted_records': 10957, 'time_taken': 0.56}}
2025-01-26 21:17:42,981 - INFO - Successfully uploaded USC00127482.txt: {'message': "File 'USC00127482.txt' processed successfully.", 'details': {'total_records': 10957, 'inserted_records': 10957, 'time_taken': 0.59}}
2025-01-26 21:17:43,567 - INFO - Successfully uploaded USC00121030.txt: {'message': "File 'USC00121030.txt' processed successfully.", 'details': {'total_records': 10135, 'inserted_records': 10135, 'time_taken': 0.58}}
2025-01-26 21:17:44,170 - INFO - Successfully uploaded USC00253185.txt: {'message': "File 'USC00253185.txt' processed successfully.", 'details': {'total_records': 10957, 'inserted_records': 10957, 'time_taken': 0.6}}
2025-01-26 21:17:44,769 - INFO - Successfully uploaded USC00331072.txt: {'message': "File 'USC00331072.txt' processed successfully.", 'details': {'total_records': 10957, 'inserted_records': 10957, 'time_taken': 0.6}}
2025-01-26 21:17:45,313 - INFO - Successfully uploaded USC00120676.txt: {'message': "File 'USC00120676.txt' processed successfully.", 'details': {'total_records': 10652, 'inserted_records': 10652, 'time_taken': 0.54}}
2025-01-26 21:17:45,913 - INFO - Successfully uploaded USC00127125.txt: {'message': "File 'USC00127125.txt' processed successfully.", 'details': {'total_records': 10804, 'inserted_records': 10804, 'time_taken': 0.6}}
2025-01-26 21:17:46,505 - INFO - Successfully uploaded USC00331890.txt: {'message': "File 'USC00331890.txt' processed successfully.", 'details': {'total_records': 10772, 'inserted_records': 10772, 'time_taken': 0.59}}
2025-01-26 21:17:47,160 - INFO - Successfully uploaded USC00254985.txt: {'message': "File 'USC00254985.txt' processed successfully.", 'details': {'total_records': 9861, 'inserted_records': 9861, 'time_taken': 0.65}}
2025-01-26 21:17:47,702 - INFO - Successfully uploaded USC00259090.txt: {'message': "File 'USC00259090.txt' processed successfully.", 'details': {'total_records': 9374, 'inserted_records': 9374, 'time_taken': 0.54}}
2025-01-26 21:17:47,702 - INFO - Upload completed: 167 succeeded, 0 failed.
2025-01-26 21:21:10,550 - INFO - Starting upload process.
2025-01-26 21:21:10,550 - INFO - API URL: http://localhost:8000/api/upload_file
2025-01-26 21:21:10,550 - INFO - Data Directory: /Users/gavinnelson/coderepos/weather-api-assignment/data/code-challenge-template/wx_data
2025-01-26 21:21:10,551 - INFO - Found 167 files to upload in /Users/gavinnelson/coderepos/weather-api-assignment/data/code-challenge-template/wx_data.
2025-01-26 21:21:10,556 - ERROR - Exception uploading USC00257715.txt: HTTPConnectionPool(host='localhost', port=8000): Max retries exceeded with url: /api/upload_file (Caused by NewConnectionError('<urllib3.connection.HTTPConnection object at 0x10431ef50>: Failed to establish a new connection: [Errno 61] Connection refused'))
2025-01-26 21:21:10,557 - ERROR - Exception uploading USC00113879.txt: HTTPConnectionPool(host='localhost', port=8000): Max retries exceeded with url: /api/upload_file (Caused by NewConnectionError('<urllib3.connection.HTTPConnection object at 0x1043253d0>: Failed to establish a new connection: [Errno 61] Connection refused'))
2025-01-26 21:21:10,558 - ERROR - Exception uploading USC00127935.txt: HTTPConnectionPool(host='localhost', port=8000): Max retries exceeded with url: /api/upload_file (Caused by NewConnectionError('<urllib3.connection.HTTPConnection object at 0x104327990>: Failed to establish a new connection: [Errno 61] Connection refused'))
2025-01-26 21:21:10,559 - ERROR - Exception uploading USC00112193.txt: HTTPConnectionPool(host='localhost', port=8000): Max retries exceeded with url: /api/upload_file (Caused by NewConnectionError('<urllib3.connection.HTTPConnection object at 0x10431e750>: Failed to establish a new connection: [Errno 61] Connection refused'))
2025-01-26 21:21:10,560 - ERROR - Exception uploading USC00250640.txt: HTTPConnectionPool(host='localhost', port=8000): Max retries exceeded with url: /api/upload_file (Caused by NewConnectionError('<urllib3.connection.HTTPConnection object at 0x104324e90>: Failed to establish a new connection: [Errno 61] Connection refused'))
2025-01-26 21:21:10,561 - ERROR - Exception uploading USC00257070.txt: HTTPConnectionPool(host='localhost', port=8000): Max retries exceeded with url: /api/upload_file (Caused by NewConnectionError('<urllib3.connection.HTTPConnection object at 0x104339f50>: Failed to establish a new connection: [Errno 61] Connection refused'))
2025-01-26 21:21:10,562 - ERROR - Exception uploading USC00114442.txt: HTTPConnectionPool(host='localhost', port=8000): Max retries exceeded with url: /api/upload_file (Caused by NewConnectionError('<urllib3.connection.HTTPConnection object at 0x104344290>: Failed to establish a new connection: [Errno 61] Connection refused'))
2025-01-26 21:21:10,563 - ERROR - Exception uploading USC00115833.txt: HTTPConnectionPool(host='localhost', port=8000): Max retries exceeded with url: /api/upload_file (Caused by NewConnectionError('<urllib3.connection.HTTPConnection object at 0x104346590>: Failed to establish a new connection: [Errno 61] Connection refused'))
2025-01-26 21:21:10,564 - ERROR - Exception uploading USC00130133.txt: HTTPConnectionPool(host='localhost', port=8000): Max retries exceeded with url: /api/upload_file (Caused by NewConnectionError('<urllib3.connection.HTTPConnection object at 0x10433bf90>: Failed to establish a new connection: [Errno 61] Connection refused'))
2025-01-26 21:21:10,565 - ERROR - Exception uploading USC00132724.txt: HTTPConnectionPool(host='localhost', port=8000): Max retries exceeded with url: /api/upload_file (Caused by NewConnectionError('<urllib3.connection.HTTPConnection object at 0x10433a350>: Failed to establish a new connection: [Errno 61] Connection refused'))
2025-01-26 21:21:10,565 - ERROR - Exception uploading USC00250130.txt: HTTPConnectionPool(host='localhost', port=8000): Max retries exceeded with url: /api/upload_file (Caused by NewConnectionError('<urllib3.connection.HTTPConnection object at 0x104338290>: Failed to establish a new connection: [Errno 61] Connection refused'))
2025-01-26 21:21:10,566 - ERROR - Exception uploading USC00256970.txt: HTTPConnectionPool(host='localhost', port=8000): Max retries exceeded with url: /api/upload_file (Caused by NewConnectionError('<urllib3.connection.HTTPConnection object at 0x10431f650>: Failed to establish a new connection: [Errno 61] Connection refused'))
2025-01-26 21:21:10,567 - ERROR - Exception uploading USC00116446.txt: HTTPConnectionPool(host='localhost', port=8000): Max retries exceeded with url: /api/upload_file (Caused by NewConnectionError('<urllib3.connection.HTTPConnection object at 0x1043455d0>: Failed to establish a new connection: [Errno 61] Connection refused'))
2025-01-26 21:21:10,568 - ERROR - Exception uploading USC00253175.txt: HTTPConnectionPool(host='localhost', port=8000): Max retries exceeded with url: /api/upload_file (Caused by NewConnectionError('<urllib3.connection.HTTPConnection object at 0x10434c950>: Failed to establish a new connection: [Errno 61] Connection refused'))
2025-01-26 21:21:10,569 - ERROR - Exception uploading USC00129113.txt: HTTPConnectionPool(host='localhost', port=8000): Max retries exceeded with url: /api/upload_file (Caused by NewConnectionError('<urllib3.connection.HTTPConnection object at 0x10387d0d0>: Failed to establish a new connection: [Errno 61] Connection refused'))
2025-01-26 21:21:10,569 - ERROR - Exception uploading USC00134142.txt: HTTPConnectionPool(host='localhost', port=8000): Max retries exceeded with url: /api/upload_file (Caused by NewConnectionError('<urllib3.connection.HTTPConnection object at 0x10431e8d0>: Failed to establish a new connection: [Errno 61] Connection refused'))
2025-01-26 21:21:10,570 - ERROR - Exception uploading USC00121229.txt: HTTPConnectionPool(host='localhost', port=8000): Max retries exceeded with url: /api/upload_file (Caused by NewConnectionError('<urllib3.connection.HTTPConnection object at 0x1043443d0>: Failed to establish a new connection: [Errno 61] Connection refused'))
2025-01-26 21:21:10,571 - ERROR - Exception uploading USC00116526.txt: HTTPConnectionPool(host='localhost', port=8000): Max retries exceeded with url: /api/upload_file (Caused by NewConnectionError('<urllib3.connection.HTTPConnection object at 0x1043473d0>: Failed to establish a new connection: [Errno 61] Connection refused'))
2025-01-26 21:21:10,572 - ERROR - Exception uploading USC00259510.txt: HTTPConnectionPool(host='localhost', port=8000): Max retries exceeded with url: /api/upload_file (Caused by NewConnectionError('<urllib3.connection.HTTPConnection object at 0x104339ed0>: Failed to establish a new connection: [Errno 61] Connection refused'))
2025-01-26 21:21:10,573 - ERROR - Exception uploading USC00255470.txt: HTTPConnectionPool(host='localhost', port=8000): Max retries exceeded with url: /api/upload_file (Caused by NewConnectionError('<urllib3.connection.HTTPConnection object at 0x10433b010>: Failed to establish a new connection: [Errno 61] Connection refused'))
2025-01-26 21:21:10,573 - ERROR - Exception uploading USC00257515.txt: HTTPConnectionPool(host='localhost', port=8000): Max retries exceeded with url: /api/upload_file (Caused by NewConnectionError('<urllib3.connection.HTTPConnection object at 0x10433b6d0>: Failed to establish a new connection: [Errno 61] Connection refused'))
2025-01-26 21:21:10,574 - ERROR - Exception uploading USC00258395.txt: HTTPConnectionPool(host='localhost', port=8000): Max retries exceeded with url: /api/upload_file (Caused by NewConnectionError('<urllib3.connection.HTTPConnection object at 0x104339510>: Failed to establish a new connection: [Errno 61] Connection refused'))
2025-01-26 21:21:10,575 - ERROR - Exception uploading USC00338313.txt: HTTPConnectionPool(host='localhost', port=8000): Max retries exceeded with url: /api/upload_file (Caused by NewConnectionError('<urllib3.connection.HTTPConnection object at 0x10431fc10>: Failed to establish a new connection: [Errno 61] Connection refused'))
2025-01-26 21:21:10,576 - ERROR - Exception uploading USC00131402.txt: HTTPConnectionPool(host='localhost', port=8000): Max retries exceeded with url: /api/upload_file (Caused by NewConnectionError('<urllib3.connection.HTTPConnection object at 0x104347710>: Failed to establish a new connection: [Errno 61] Connection refused'))
2025-01-26 21:21:10,577 - ERROR - Exception uploading USC00118916.txt: HTTPConnectionPool(host='localhost', port=8000): Max retries exceeded with url: /api/upload_file (Caused by NewConnectionError('<urllib3.connection.HTTPConnection object at 0x104344790>: Failed to establish a new connection: [Errno 61] Connection refused'))
2025-01-26 21:21:10,578 - ERROR - Exception uploading USC00124181.txt: HTTPConnectionPool(host='localhost', port=8000): Max retries exceeded with url: /api/upload_file (Caused by NewConnectionError('<urllib3.connection.HTTPConnection object at 0x10430b2d0>: Failed to establish a new connection: [Errno 61] Connection refused'))
2025-01-26 21:21:10,579 - ERROR - Exception uploading USC00128036.txt: HTTPConnectionPool(host='localhost', port=8000): Max retries exceeded with url: /api/upload_file (Caused by NewConnectionError('<urllib3.connection.HTTPConnection object at 0x10431fd90>: Failed to establish a new connection: [Errno 61] Connection refused'))
2025-01-26 21:21:10,579 - ERROR - Exception uploading USC00126580.txt: HTTPConnectionPool(host='localhost', port=8000): Max retries exceeded with url: /api/upload_file (Caused by NewConnectionError('<urllib3.connection.HTTPConnection object at 0x104324050>: Failed to establish a new connection: [Errno 61] Connection refused'))
2025-01-26 21:21:10,580 - ERROR - Exception uploading USC00129670.txt: HTTPConnectionPool(host='localhost', port=8000): Max retries exceeded with url: /api/upload_file (Caused by NewConnectionError('<urllib3.connection.HTTPConnection object at 0x104347a90>: Failed to establish a new connection: [Errno 61] Connection refused'))
2025-01-26 21:21:10,581 - ERROR - Exception uploading USC00115943.txt: HTTPConnectionPool(host='localhost', port=8000): Max retries exceeded with url: /api/upload_file (Caused by NewConnectionError('<urllib3.connection.HTTPConnection object at 0x104345590>: Failed to establish a new connection: [Errno 61] Connection refused'))
2025-01-26 21:21:10,582 - ERROR - Exception uploading USC00124008.txt: HTTPConnectionPool(host='localhost', port=8000): Max retries exceeded with url: /api/upload_file (Caused by NewConnectionError('<urllib3.connection.HTTPConnection object at 0x104339b50>: Failed to establish a new connection: [Errno 61] Connection refused'))
2025-01-26 21:21:10,582 - ERROR - Exception uploading USC00116910.txt: HTTPConnectionPool(host='localhost', port=8000): Max retries exceeded with url: /api/upload_file (Caused by NewConnectionError('<urllib3.connection.HTTPConnection object at 0x10433b950>: Failed to establish a new connection: [Errno 61] Connection refused'))
2025-01-26 21:21:10,583 - ERROR - Exception uploading USC00114108.txt: HTTPConnectionPool(host='localhost', port=8000): Max retries exceeded with url: /api/upload_file (Caused by NewConnectionError('<urllib3.connection.HTTPConnection object at 0x104339f10>: Failed to establish a new connection: [Errno 61] Connection refused'))
2025-01-26 21:21:10,584 - ERROR - Exception uploading USC00127298.txt: HTTPConnectionPool(host='localhost', port=8000): Max retries exceeded with url: /api/upload_file (Caused by NewConnectionError('<urllib3.connection.HTTPConnection object at 0x104339a90>: Failed to establish a new connection: [Errno 61] Connection refused'))
2025-01-26 21:21:10,585 - ERROR - Exception uploading USC00110187.txt: HTTPConnectionPool(host='localhost', port=8000): Max retries exceeded with url: /api/upload_file (Caused by NewConnectionError('<urllib3.connection.HTTPConnection object at 0x104344fd0>: Failed to establish a new connection: [Errno 61] Connection refused'))
2025-01-26 21:21:10,586 - ERROR - Exception uploading USC00253365.txt: HTTPConnectionPool(host='localhost', port=8000): Max retries exceeded with url: /api/upload_file (Caused by NewConnectionError('<urllib3.connection.HTTPConnection object at 0x104344410>: Failed to establish a new connection: [Errno 61] Connection refused'))
2025-01-26 21:21:10,587 - ERROR - Exception uploading USC00251200.txt: HTTPConnectionPool(host='localhost', port=8000): Max retries exceeded with url: /api/upload_file (Caused by NewConnectionError('<urllib3.connection.HTTPConnection object at 0x10430af50>: Failed to establish a new connection: [Errno 61] Connection refused'))
2025-01-26 21:21:10,588 - ERROR - Exception uploading USC00112140.txt: HTTPConnectionPool(host='localhost', port=8000): Max retries exceeded with url: /api/upload_file (Caused by NewConnectionError('<urllib3.connection.HTTPConnection object at 0x10431e850>: Failed to establish a new connection: [Errno 61] Connection refused'))
2025-01-26 21:21:10,589 - ERROR - Exception uploading USC00253615.txt: HTTPConnectionPool(host='localhost', port=8000): Max retries exceeded with url: /api/upload_file (Caused by NewConnectionError('<urllib3.connection.HTTPConnection object at 0x1043443d0>: Failed to establish a new connection: [Errno 61] Connection refused'))
2025-01-26 21:21:10,590 - ERROR - Exception uploading USC00255310.txt: HTTPConnectionPool(host='localhost', port=8000): Max retries exceeded with url: /api/upload_file (Caused by NewConnectionError('<urllib3.connection.HTTPConnection object at 0x104344510>: Failed to establish a new connection: [Errno 61] Connection refused'))
2025-01-26 21:21:10,591 - ERROR - Exception uploading USC00132864.txt: HTTPConnectionPool(host='localhost', port=8000): Max retries exceeded with url: /api/upload_file (Caused by NewConnectionError('<urllib3.connection.HTTPConnection object at 0x104346910>: Failed to establish a new connection: [Errno 61] Connection refused'))
2025-01-26 21:21:10,592 - ERROR - Exception uploading USC00129511.txt: HTTPConnectionPool(host='localhost', port=8000): Max retries exceeded with url: /api/upload_file (Caused by NewConnectionError('<urllib3.connection.HTTPConnection object at 0x10433a690>: Failed to establish a new connection: [Errno 61] Connection refused'))
2025-01-26 21:21:10,592 - ERROR - Exception uploading USC00118740.txt: HTTPConnectionPool(host='localhost', port=8000): Max retries exceeded with url: /api/upload_file (Caused by NewConnectionError('<urllib3.connection.HTTPConnection object at 0x10433b610>: Failed to establish a new connection: [Errno 61] Connection refused'))
2025-01-26 21:21:10,593 - ERROR - Exception uploading USC00333780.txt: HTTPConnectionPool(host='localhost', port=8000): Max retries exceeded with url: /api/upload_file (Caused by NewConnectionError('<urllib3.connection.HTTPConnection object at 0x104327910>: Failed to establish a new connection: [Errno 61] Connection refused'))
2025-01-26 21:21:10,594 - ERROR - Exception uploading USC00254900.txt: HTTPConnectionPool(host='localhost', port=8000): Max retries exceeded with url: /api/upload_file (Caused by NewConnectionError('<urllib3.connection.HTTPConnection object at 0x10433ae10>: Failed to establish a new connection: [Errno 61] Connection refused'))
2025-01-26 21:21:10,595 - ERROR - Exception uploading USC00255565.txt: HTTPConnectionPool(host='localhost', port=8000): Max retries exceeded with url: /api/upload_file (Caused by NewConnectionError('<urllib3.connection.HTTPConnection object at 0x10433b990>: Failed to establish a new connection: [Errno 61] Connection refused'))
2025-01-26 21:21:10,596 - ERROR - Exception uploading USC00250435.txt: HTTPConnectionPool(host='localhost', port=8000): Max retries exceeded with url: /api/upload_file (Caused by NewConnectionError('<urllib3.connection.HTTPConnection object at 0x104338f50>: Failed to establish a new connection: [Errno 61] Connection refused'))
2025-01-26 21:21:10,596 - ERROR - Exception uploading USC00252020.txt: HTTPConnectionPool(host='localhost', port=8000): Max retries exceeded with url: /api/upload_file (Caused by NewConnectionError('<urllib3.connection.HTTPConnection object at 0x104326a90>: Failed to establish a new connection: [Errno 61] Connection refused'))
2025-01-26 21:21:10,597 - ERROR - Exception uploading USC00138296.txt: HTTPConnectionPool(host='localhost', port=8000): Max retries exceeded with url: /api/upload_file (Caused by NewConnectionError('<urllib3.connection.HTTPConnection object at 0x104345c50>: Failed to establish a new connection: [Errno 61] Connection refused'))
2025-01-26 21:21:10,598 - ERROR - Exception uploading USC00132977.txt: HTTPConnectionPool(host='localhost', port=8000): Max retries exceeded with url: /api/upload_file (Caused by NewConnectionError('<urllib3.connection.HTTPConnection object at 0x104344450>: Failed to establish a new connection: [Errno 61] Connection refused'))
2025-01-26 21:21:10,599 - ERROR - Exception uploading USC00118147.txt: HTTPConnectionPool(host='localhost', port=8000): Max retries exceeded with url: /api/upload_file (Caused by NewConnectionError('<urllib3.connection.HTTPConnection object at 0x1042fa0d0>: Failed to establish a new connection: [Errno 61] Connection refused'))
2025-01-26 21:21:10,600 - ERROR - Exception uploading USC00250622.txt: HTTPConnectionPool(host='localhost', port=8000): Max retries exceeded with url: /api/upload_file (Caused by NewConnectionError('<urllib3.connection.HTTPConnection object at 0x104346110>: Failed to establish a new connection: [Errno 61] Connection refused'))
2025-01-26 21:21:10,601 - ERROR - Exception uploading USC00331592.txt: HTTPConnectionPool(host='localhost', port=8000): Max retries exceeded with url: /api/upload_file (Caused by NewConnectionError('<urllib3.connection.HTTPConnection object at 0x1043474d0>: Failed to establish a new connection: [Errno 61] Connection refused'))
2025-01-26 21:21:10,601 - ERROR - Exception uploading USC00258915.txt: HTTPConnectionPool(host='localhost', port=8000): Max retries exceeded with url: /api/upload_file (Caused by NewConnectionError('<urllib3.connection.HTTPConnection object at 0x104325390>: Failed to establish a new connection: [Errno 61] Connection refused'))
2025-01-26 21:21:10,602 - ERROR - Exception uploading USC00250420.txt: HTTPConnectionPool(host='localhost', port=8000): Max retries exceeded with url: /api/upload_file (Caused by NewConnectionError('<urllib3.connection.HTTPConnection object at 0x104339990>: Failed to establish a new connection: [Errno 61] Connection refused'))
2025-01-26 21:21:10,603 - ERROR - Exception uploading USC00338830.txt: HTTPConnectionPool(host='localhost', port=8000): Max retries exceeded with url: /api/upload_file (Caused by NewConnectionError('<urllib3.connection.HTTPConnection object at 0x10433b490>: Failed to establish a new connection: [Errno 61] Connection refused'))
2025-01-26 21:21:10,604 - ERROR - Exception uploading USC00115515.txt: HTTPConnectionPool(host='localhost', port=8000): Max retries exceeded with url: /api/upload_file (Caused by NewConnectionError('<urllib3.connection.HTTPConnection object at 0x10433a990>: Failed to establish a new connection: [Errno 61] Connection refused'))
2025-01-26 21:21:10,605 - ERROR - Exception uploading USC00120784.txt: HTTPConnectionPool(host='localhost', port=8000): Max retries exceeded with url: /api/upload_file (Caused by NewConnectionError('<urllib3.connection.HTTPConnection object at 0x1043384d0>: Failed to establish a new connection: [Errno 61] Connection refused'))
2025-01-26 21:21:10,605 - ERROR - Exception uploading USC00112483.txt: HTTPConnectionPool(host='localhost', port=8000): Max retries exceeded with url: /api/upload_file (Caused by NewConnectionError('<urllib3.connection.HTTPConnection object at 0x104327110>: Failed to establish a new connection: [Errno 61] Connection refused'))
2025-01-26 21:21:10,606 - ERROR - Exception uploading USC00332098.txt: HTTPConnectionPool(host='localhost', port=8000): Max retries exceeded with url: /api/upload_file (Caused by NewConnectionError('<urllib3.connection.HTTPConnection object at 0x104325a10>: Failed to establish a new connection: [Errno 61] Connection refused'))
2025-01-26 21:21:10,607 - ERROR - Exception uploading USC00116579.txt: HTTPConnectionPool(host='localhost', port=8000): Max retries exceeded with url: /api/upload_file (Caused by NewConnectionError('<urllib3.connection.HTTPConnection object at 0x104345190>: Failed to establish a new connection: [Errno 61] Connection refused'))
2025-01-26 21:21:10,608 - ERROR - Exception uploading USC00137979.txt: HTTPConnectionPool(host='localhost', port=8000): Max retries exceeded with url: /api/upload_file (Caused by NewConnectionError('<urllib3.connection.HTTPConnection object at 0x10430b710>: Failed to establish a new connection: [Errno 61] Connection refused'))
2025-01-26 21:21:10,609 - ERROR - Exception uploading USC00258480.txt: HTTPConnectionPool(host='localhost', port=8000): Max retries exceeded with url: /api/upload_file (Caused by NewConnectionError('<urllib3.connection.HTTPConnection object at 0x10430b110>: Failed to establish a new connection: [Errno 61] Connection refused'))
2025-01-26 21:21:10,610 - ERROR - Exception uploading USC00258133.txt: HTTPConnectionPool(host='localhost', port=8000): Max retries exceeded with url: /api/upload_file (Caused by NewConnectionError('<urllib3.connection.HTTPConnection object at 0x1043250d0>: Failed to establish a new connection: [Errno 61] Connection refused'))
2025-01-26 21:21:10,610 - ERROR - Exception uploading USC00115712.txt: HTTPConnectionPool(host='localhost', port=8000): Max retries exceeded with url: /api/upload_file (Caused by NewConnectionError('<urllib3.connection.HTTPConnection object at 0x104327450>: Failed to establish a new connection: [Errno 61] Connection refused'))
2025-01-26 21:21:10,611 - ERROR - Exception uploading USC00331152.txt: HTTPConnectionPool(host='localhost', port=8000): Max retries exceeded with url: /api/upload_file (Caused by NewConnectionError('<urllib3.connection.HTTPConnection object at 0x104345d50>: Failed to establish a new connection: [Errno 61] Connection refused'))
2025-01-26 21:21:10,612 - ERROR - Exception uploading USC00335297.txt: HTTPConnectionPool(host='localhost', port=8000): Max retries exceeded with url: /api/upload_file (Caused by NewConnectionError('<urllib3.connection.HTTPConnection object at 0x10433ac50>: Failed to establish a new connection: [Errno 61] Connection refused'))
2025-01-26 21:21:10,613 - ERROR - Exception uploading USC00334189.txt: HTTPConnectionPool(host='localhost', port=8000): Max retries exceeded with url: /api/upload_file (Caused by NewConnectionError('<urllib3.connection.HTTPConnection object at 0x10433af50>: Failed to establish a new connection: [Errno 61] Connection refused'))
2025-01-26 21:21:10,614 - ERROR - Exception uploading USC00253660.txt: HTTPConnectionPool(host='localhost', port=8000): Max retries exceeded with url: /api/upload_file (Caused by NewConnectionError('<urllib3.connection.HTTPConnection object at 0x10433ac10>: Failed to establish a new connection: [Errno 61] Connection refused'))
2025-01-26 21:21:10,614 - ERROR - Exception uploading USC00137161.txt: HTTPConnectionPool(host='localhost', port=8000): Max retries exceeded with url: /api/upload_file (Caused by NewConnectionError('<urllib3.connection.HTTPConnection object at 0x1043389d0>: Failed to establish a new connection: [Errno 61] Connection refused'))
2025-01-26 21:21:10,615 - ERROR - Exception uploading USC00336600.txt: HTTPConnectionPool(host='localhost', port=8000): Max retries exceeded with url: /api/upload_file (Caused by NewConnectionError('<urllib3.connection.HTTPConnection object at 0x1043440d0>: Failed to establish a new connection: [Errno 61] Connection refused'))
2025-01-26 21:21:10,616 - ERROR - Exception uploading USC00253715.txt: HTTPConnectionPool(host='localhost', port=8000): Max retries exceeded with url: /api/upload_file (Caused by NewConnectionError('<urllib3.connection.HTTPConnection object at 0x104345150>: Failed to establish a new connection: [Errno 61] Connection refused'))
2025-01-26 21:21:10,617 - ERROR - Exception uploading USC00338822.txt: HTTPConnectionPool(host='localhost', port=8000): Max retries exceeded with url: /api/upload_file (Caused by NewConnectionError('<urllib3.connection.HTTPConnection object at 0x104325d10>: Failed to establish a new connection: [Errno 61] Connection refused'))
2025-01-26 21:21:10,618 - ERROR - Exception uploading USC00256135.txt: HTTPConnectionPool(host='localhost', port=8000): Max retries exceeded with url: /api/upload_file (Caused by NewConnectionError('<urllib3.connection.HTTPConnection object at 0x104324f10>: Failed to establish a new connection: [Errno 61] Connection refused'))
2025-01-26 21:21:10,618 - ERROR - Exception uploading USC00254440.txt: HTTPConnectionPool(host='localhost', port=8000): Max retries exceeded with url: /api/upload_file (Caused by NewConnectionError('<urllib3.connection.HTTPConnection object at 0x1038a5750>: Failed to establish a new connection: [Errno 61] Connection refused'))
2025-01-26 21:21:10,619 - ERROR - Exception uploading USC00132999.txt: HTTPConnectionPool(host='localhost', port=8000): Max retries exceeded with url: /api/upload_file (Caused by NewConnectionError('<urllib3.connection.HTTPConnection object at 0x104324e90>: Failed to establish a new connection: [Errno 61] Connection refused'))
2025-01-26 21:21:10,620 - ERROR - Exception uploading USC00335041.txt: HTTPConnectionPool(host='localhost', port=8000): Max retries exceeded with url: /api/upload_file (Caused by NewConnectionError('<urllib3.connection.HTTPConnection object at 0x1042c3d50>: Failed to establish a new connection: [Errno 61] Connection refused'))
2025-01-26 21:21:10,621 - ERROR - Exception uploading USC00331541.txt: HTTPConnectionPool(host='localhost', port=8000): Max retries exceeded with url: /api/upload_file (Caused by NewConnectionError('<urllib3.connection.HTTPConnection object at 0x104345950>: Failed to establish a new connection: [Errno 61] Connection refused'))
2025-01-26 21:21:10,622 - ERROR - Exception uploading USC00135952.txt: HTTPConnectionPool(host='localhost', port=8000): Max retries exceeded with url: /api/upload_file (Caused by NewConnectionError('<urllib3.connection.HTTPConnection object at 0x104339690>: Failed to establish a new connection: [Errno 61] Connection refused'))
2025-01-26 21:21:10,623 - ERROR - Exception uploading USC00256040.txt: HTTPConnectionPool(host='localhost', port=8000): Max retries exceeded with url: /api/upload_file (Caused by NewConnectionError('<urllib3.connection.HTTPConnection object at 0x10433a990>: Failed to establish a new connection: [Errno 61] Connection refused'))
2025-01-26 21:21:10,624 - ERROR - Exception uploading USC00134735.txt: HTTPConnectionPool(host='localhost', port=8000): Max retries exceeded with url: /api/upload_file (Caused by NewConnectionError('<urllib3.connection.HTTPConnection object at 0x1043461d0>: Failed to establish a new connection: [Errno 61] Connection refused'))
2025-01-26 21:21:10,624 - ERROR - Exception uploading USC00123513.txt: HTTPConnectionPool(host='localhost', port=8000): Max retries exceeded with url: /api/upload_file (Caused by NewConnectionError('<urllib3.connection.HTTPConnection object at 0x104347e90>: Failed to establish a new connection: [Errno 61] Connection refused'))
2025-01-26 21:21:10,625 - ERROR - Exception uploading USC00129557.txt: HTTPConnectionPool(host='localhost', port=8000): Max retries exceeded with url: /api/upload_file (Caused by NewConnectionError('<urllib3.connection.HTTPConnection object at 0x104344210>: Failed to establish a new connection: [Errno 61] Connection refused'))
2025-01-26 21:21:10,626 - ERROR - Exception uploading USC00114198.txt: HTTPConnectionPool(host='localhost', port=8000): Max retries exceeded with url: /api/upload_file (Caused by NewConnectionError('<urllib3.connection.HTTPConnection object at 0x104339e50>: Failed to establish a new connection: [Errno 61] Connection refused'))
2025-01-26 21:21:10,627 - ERROR - Exception uploading USC00252820.txt: HTTPConnectionPool(host='localhost', port=8000): Max retries exceeded with url: /api/upload_file (Caused by NewConnectionError('<urllib3.connection.HTTPConnection object at 0x104325e50>: Failed to establish a new connection: [Errno 61] Connection refused'))
2025-01-26 21:21:10,628 - ERROR - Exception uploading USC00120177.txt: HTTPConnectionPool(host='localhost', port=8000): Max retries exceeded with url: /api/upload_file (Caused by NewConnectionError('<urllib3.connection.HTTPConnection object at 0x104327790>: Failed to establish a new connection: [Errno 61] Connection refused'))
2025-01-26 21:21:10,629 - ERROR - Exception uploading USC00134894.txt: HTTPConnectionPool(host='localhost', port=8000): Max retries exceeded with url: /api/upload_file (Caused by NewConnectionError('<urllib3.connection.HTTPConnection object at 0x1042f9bd0>: Failed to establish a new connection: [Errno 61] Connection refused'))
2025-01-26 21:21:10,630 - ERROR - Exception uploading USC00130600.txt: HTTPConnectionPool(host='localhost', port=8000): Max retries exceeded with url: /api/upload_file (Caused by NewConnectionError('<urllib3.connection.HTTPConnection object at 0x104326810>: Failed to establish a new connection: [Errno 61] Connection refused'))
2025-01-26 21:21:10,630 - ERROR - Exception uploading USC00137147.txt: HTTPConnectionPool(host='localhost', port=8000): Max retries exceeded with url: /api/upload_file (Caused by NewConnectionError('<urllib3.connection.HTTPConnection object at 0x104325210>: Failed to establish a new connection: [Errno 61] Connection refused'))
2025-01-26 21:21:10,631 - ERROR - Exception uploading USC00116610.txt: HTTPConnectionPool(host='localhost', port=8000): Max retries exceeded with url: /api/upload_file (Caused by NewConnectionError('<urllib3.connection.HTTPConnection object at 0x10433bf90>: Failed to establish a new connection: [Errno 61] Connection refused'))
2025-01-26 21:21:10,632 - ERROR - Exception uploading USC00126705.txt: HTTPConnectionPool(host='localhost', port=8000): Max retries exceeded with url: /api/upload_file (Caused by NewConnectionError('<urllib3.connection.HTTPConnection object at 0x104345010>: Failed to establish a new connection: [Errno 61] Connection refused'))
2025-01-26 21:21:10,633 - ERROR - Exception uploading USC00339312.txt: HTTPConnectionPool(host='localhost', port=8000): Max retries exceeded with url: /api/upload_file (Caused by NewConnectionError('<urllib3.connection.HTTPConnection object at 0x1043479d0>: Failed to establish a new connection: [Errno 61] Connection refused'))
2025-01-26 21:21:10,634 - ERROR - Exception uploading USC00336196.txt: HTTPConnectionPool(host='localhost', port=8000): Max retries exceeded with url: /api/upload_file (Caused by NewConnectionError('<urllib3.connection.HTTPConnection object at 0x1043477d0>: Failed to establish a new connection: [Errno 61] Connection refused'))
2025-01-26 21:21:10,634 - ERROR - Exception uploading USC00134063.txt: HTTPConnectionPool(host='localhost', port=8000): Max retries exceeded with url: /api/upload_file (Caused by NewConnectionError('<urllib3.connection.HTTPConnection object at 0x1043474d0>: Failed to establish a new connection: [Errno 61] Connection refused'))
2025-01-26 21:21:10,635 - ERROR - Exception uploading USC00332119.txt: HTTPConnectionPool(host='localhost', port=8000): Max retries exceeded with url: /api/upload_file (Caused by NewConnectionError('<urllib3.connection.HTTPConnection object at 0x10433b8d0>: Failed to establish a new connection: [Errno 61] Connection refused'))
2025-01-26 21:21:10,636 - ERROR - Exception uploading USC00120200.txt: HTTPConnectionPool(host='localhost', port=8000): Max retries exceeded with url: /api/upload_file (Caused by NewConnectionError('<urllib3.connection.HTTPConnection object at 0x104339f10>: Failed to establish a new connection: [Errno 61] Connection refused'))
2025-01-26 21:21:10,637 - ERROR - Exception uploading USC00258465.txt: HTTPConnectionPool(host='localhost', port=8000): Max retries exceeded with url: /api/upload_file (Caused by NewConnectionError('<urllib3.connection.HTTPConnection object at 0x104326dd0>: Failed to establish a new connection: [Errno 61] Connection refused'))
2025-01-26 21:21:10,638 - ERROR - Exception uploading USC00115326.txt: HTTPConnectionPool(host='localhost', port=8000): Max retries exceeded with url: /api/upload_file (Caused by NewConnectionError('<urllib3.connection.HTTPConnection object at 0x104324ed0>: Failed to establish a new connection: [Errno 61] Connection refused'))
2025-01-26 21:21:10,638 - ERROR - Exception uploading USC00338769.txt: HTTPConnectionPool(host='localhost', port=8000): Max retries exceeded with url: /api/upload_file (Caused by NewConnectionError('<urllib3.connection.HTTPConnection object at 0x10433a350>: Failed to establish a new connection: [Errno 61] Connection refused'))
2025-01-26 21:21:10,639 - ERROR - Exception uploading USC00116558.txt: HTTPConnectionPool(host='localhost', port=8000): Max retries exceeded with url: /api/upload_file (Caused by NewConnectionError('<urllib3.connection.HTTPConnection object at 0x104338350>: Failed to establish a new connection: [Errno 61] Connection refused'))
2025-01-26 21:21:10,640 - ERROR - Exception uploading USC00115079.txt: HTTPConnectionPool(host='localhost', port=8000): Max retries exceeded with url: /api/upload_file (Caused by NewConnectionError('<urllib3.connection.HTTPConnection object at 0x10433a510>: Failed to establish a new connection: [Errno 61] Connection refused'))
2025-01-26 21:21:10,641 - ERROR - Exception uploading USC00253735.txt: HTTPConnectionPool(host='localhost', port=8000): Max retries exceeded with url: /api/upload_file (Caused by NewConnectionError('<urllib3.connection.HTTPConnection object at 0x1043248d0>: Failed to establish a new connection: [Errno 61] Connection refused'))
2025-01-26 21:21:10,642 - ERROR - Exception uploading USC00333758.txt: HTTPConnectionPool(host='localhost', port=8000): Max retries exceeded with url: /api/upload_file (Caused by NewConnectionError('<urllib3.connection.HTTPConnection object at 0x1043454d0>: Failed to establish a new connection: [Errno 61] Connection refused'))
2025-01-26 21:21:10,642 - ERROR - Exception uploading USC00335315.txt: HTTPConnectionPool(host='localhost', port=8000): Max retries exceeded with url: /api/upload_file (Caused by NewConnectionError('<urllib3.connection.HTTPConnection object at 0x104346890>: Failed to establish a new connection: [Errno 61] Connection refused'))
2025-01-26 21:21:10,643 - ERROR - Exception uploading USC00252205.txt: HTTPConnectionPool(host='localhost', port=8000): Max retries exceeded with url: /api/upload_file (Caused by NewConnectionError('<urllib3.connection.HTTPConnection object at 0x10430b0d0>: Failed to establish a new connection: [Errno 61] Connection refused'))
2025-01-26 21:21:10,644 - ERROR - Exception uploading USC00125237.txt: HTTPConnectionPool(host='localhost', port=8000): Max retries exceeded with url: /api/upload_file (Caused by NewConnectionError('<urllib3.connection.HTTPConnection object at 0x104347f50>: Failed to establish a new connection: [Errno 61] Connection refused'))
2025-01-26 21:21:10,645 - ERROR - Exception uploading USC00333375.txt: HTTPConnectionPool(host='localhost', port=8000): Max retries exceeded with url: /api/upload_file (Caused by NewConnectionError('<urllib3.connection.HTTPConnection object at 0x103672d50>: Failed to establish a new connection: [Errno 61] Connection refused'))
2025-01-26 21:21:10,646 - ERROR - Exception uploading USC00338552.txt: HTTPConnectionPool(host='localhost', port=8000): Max retries exceeded with url: /api/upload_file (Caused by NewConnectionError('<urllib3.connection.HTTPConnection object at 0x104326990>: Failed to establish a new connection: [Errno 61] Connection refused'))
2025-01-26 21:21:10,646 - ERROR - Exception uploading USC00132789.txt: HTTPConnectionPool(host='localhost', port=8000): Max retries exceeded with url: /api/upload_file (Caused by NewConnectionError('<urllib3.connection.HTTPConnection object at 0x10433b090>: Failed to establish a new connection: [Errno 61] Connection refused'))
2025-01-26 21:21:10,647 - ERROR - Exception uploading USC00250375.txt: HTTPConnectionPool(host='localhost', port=8000): Max retries exceeded with url: /api/upload_file (Caused by NewConnectionError('<urllib3.connection.HTTPConnection object at 0x10433a9d0>: Failed to establish a new connection: [Errno 61] Connection refused'))
2025-01-26 21:21:10,648 - ERROR - Exception uploading USC00138688.txt: HTTPConnectionPool(host='localhost', port=8000): Max retries exceeded with url: /api/upload_file (Caused by NewConnectionError('<urllib3.connection.HTTPConnection object at 0x1033385d0>: Failed to establish a new connection: [Errno 61] Connection refused'))
2025-01-26 21:21:10,649 - ERROR - Exception uploading USC00115901.txt: HTTPConnectionPool(host='localhost', port=8000): Max retries exceeded with url: /api/upload_file (Caused by NewConnectionError('<urllib3.connection.HTTPConnection object at 0x104325550>: Failed to establish a new connection: [Errno 61] Connection refused'))
2025-01-26 21:21:10,650 - ERROR - Exception uploading USC00122149.txt: HTTPConnectionPool(host='localhost', port=8000): Max retries exceeded with url: /api/upload_file (Caused by NewConnectionError('<urllib3.connection.HTTPConnection object at 0x104324a10>: Failed to establish a new connection: [Errno 61] Connection refused'))
2025-01-26 21:21:10,650 - ERROR - Exception uploading USC00114823.txt: HTTPConnectionPool(host='localhost', port=8000): Max retries exceeded with url: /api/upload_file (Caused by NewConnectionError('<urllib3.connection.HTTPConnection object at 0x104338650>: Failed to establish a new connection: [Errno 61] Connection refused'))
2025-01-26 21:21:10,651 - ERROR - Exception uploading USC00110338.txt: HTTPConnectionPool(host='localhost', port=8000): Max retries exceeded with url: /api/upload_file (Caused by NewConnectionError('<urllib3.connection.HTTPConnection object at 0x104347710>: Failed to establish a new connection: [Errno 61] Connection refused'))
2025-01-26 21:21:10,652 - ERROR - Exception uploading USC00121873.txt: HTTPConnectionPool(host='localhost', port=8000): Max retries exceeded with url: /api/upload_file (Caused by NewConnectionError('<urllib3.connection.HTTPConnection object at 0x104347390>: Failed to establish a new connection: [Errno 61] Connection refused'))
2025-01-26 21:21:10,653 - ERROR - Exception uploading USC00123527.txt: HTTPConnectionPool(host='localhost', port=8000): Max retries exceeded with url: /api/upload_file (Caused by NewConnectionError('<urllib3.connection.HTTPConnection object at 0x10430b110>: Failed to establish a new connection: [Errno 61] Connection refused'))
2025-01-26 21:21:10,654 - ERROR - Exception uploading USC00127755.txt: HTTPConnectionPool(host='localhost', port=8000): Max retries exceeded with url: /api/upload_file (Caused by NewConnectionError('<urllib3.connection.HTTPConnection object at 0x104345610>: Failed to establish a new connection: [Errno 61] Connection refused'))
2025-01-26 21:21:10,655 - ERROR - Exception uploading USC00111436.txt: HTTPConnectionPool(host='localhost', port=8000): Max retries exceeded with url: /api/upload_file (Caused by NewConnectionError('<urllib3.connection.HTTPConnection object at 0x10387d0d0>: Failed to establish a new connection: [Errno 61] Connection refused'))
2025-01-26 21:21:10,656 - ERROR - Exception uploading USC00110072.txt: HTTPConnectionPool(host='localhost', port=8000): Max retries exceeded with url: /api/upload_file (Caused by NewConnectionError('<urllib3.connection.HTTPConnection object at 0x104339ed0>: Failed to establish a new connection: [Errno 61] Connection refused'))
2025-01-26 21:21:10,656 - ERROR - Exception uploading USC00131533.txt: HTTPConnectionPool(host='localhost', port=8000): Max retries exceeded with url: /api/upload_file (Caused by NewConnectionError('<urllib3.connection.HTTPConnection object at 0x1043276d0>: Failed to establish a new connection: [Errno 61] Connection refused'))
2025-01-26 21:21:10,657 - ERROR - Exception uploading USC00135769.txt: HTTPConnectionPool(host='localhost', port=8000): Max retries exceeded with url: /api/upload_file (Caused by NewConnectionError('<urllib3.connection.HTTPConnection object at 0x104326750>: Failed to establish a new connection: [Errno 61] Connection refused'))
2025-01-26 21:21:10,658 - ERROR - Exception uploading USC00135796.txt: HTTPConnectionPool(host='localhost', port=8000): Max retries exceeded with url: /api/upload_file (Caused by NewConnectionError('<urllib3.connection.HTTPConnection object at 0x104324750>: Failed to establish a new connection: [Errno 61] Connection refused'))
2025-01-26 21:21:10,659 - ERROR - Exception uploading USC00119241.txt: HTTPConnectionPool(host='localhost', port=8000): Max retries exceeded with url: /api/upload_file (Caused by NewConnectionError('<urllib3.connection.HTTPConnection object at 0x104326290>: Failed to establish a new connection: [Errno 61] Connection refused'))
2025-01-26 21:21:10,660 - ERROR - Exception uploading USC00336781.txt: HTTPConnectionPool(host='localhost', port=8000): Max retries exceeded with url: /api/upload_file (Caused by NewConnectionError('<urllib3.connection.HTTPConnection object at 0x104339bd0>: Failed to establish a new connection: [Errno 61] Connection refused'))
2025-01-26 21:21:10,661 - ERROR - Exception uploading USC00254110.txt: HTTPConnectionPool(host='localhost', port=8000): Max retries exceeded with url: /api/upload_file (Caused by NewConnectionError('<urllib3.connection.HTTPConnection object at 0x104338f50>: Failed to establish a new connection: [Errno 61] Connection refused'))
2025-01-26 21:21:10,661 - ERROR - Exception uploading USC00253910.txt: HTTPConnectionPool(host='localhost', port=8000): Max retries exceeded with url: /api/upload_file (Caused by NewConnectionError('<urllib3.connection.HTTPConnection object at 0x1043477d0>: Failed to establish a new connection: [Errno 61] Connection refused'))
2025-01-26 21:21:10,662 - ERROR - Exception uploading USC00253630.txt: HTTPConnectionPool(host='localhost', port=8000): Max retries exceeded with url: /api/upload_file (Caused by NewConnectionError('<urllib3.connection.HTTPConnection object at 0x1036a0490>: Failed to establish a new connection: [Errno 61] Connection refused'))
2025-01-26 21:21:10,663 - ERROR - Exception uploading USC00126001.txt: HTTPConnectionPool(host='localhost', port=8000): Max retries exceeded with url: /api/upload_file (Caused by NewConnectionError('<urllib3.connection.HTTPConnection object at 0x103c93150>: Failed to establish a new connection: [Errno 61] Connection refused'))
2025-01-26 21:21:10,664 - ERROR - Exception uploading USC00255080.txt: HTTPConnectionPool(host='localhost', port=8000): Max retries exceeded with url: /api/upload_file (Caused by NewConnectionError('<urllib3.connection.HTTPConnection object at 0x10433b490>: Failed to establish a new connection: [Errno 61] Connection refused'))
2025-01-26 21:21:10,664 - ERROR - Exception uploading USC00117551.txt: HTTPConnectionPool(host='localhost', port=8000): Max retries exceeded with url: /api/upload_file (Caused by NewConnectionError('<urllib3.connection.HTTPConnection object at 0x10433a710>: Failed to establish a new connection: [Errno 61] Connection refused'))
2025-01-26 21:21:10,665 - ERROR - Exception uploading USC00121747.txt: HTTPConnectionPool(host='localhost', port=8000): Max retries exceeded with url: /api/upload_file (Caused by NewConnectionError('<urllib3.connection.HTTPConnection object at 0x104345250>: Failed to establish a new connection: [Errno 61] Connection refused'))
2025-01-26 21:21:10,666 - ERROR - Exception uploading USC00127875.txt: HTTPConnectionPool(host='localhost', port=8000): Max retries exceeded with url: /api/upload_file (Caused by NewConnectionError('<urllib3.connection.HTTPConnection object at 0x10387d0d0>: Failed to establish a new connection: [Errno 61] Connection refused'))
2025-01-26 21:21:10,667 - ERROR - Exception uploading USC00127646.txt: HTTPConnectionPool(host='localhost', port=8000): Max retries exceeded with url: /api/upload_file (Caused by NewConnectionError('<urllib3.connection.HTTPConnection object at 0x1043261d0>: Failed to establish a new connection: [Errno 61] Connection refused'))
2025-01-26 21:21:10,668 - ERROR - Exception uploading USC00111280.txt: HTTPConnectionPool(host='localhost', port=8000): Max retries exceeded with url: /api/upload_file (Caused by NewConnectionError('<urllib3.connection.HTTPConnection object at 0x104327110>: Failed to establish a new connection: [Errno 61] Connection refused'))
2025-01-26 21:21:10,668 - ERROR - Exception uploading USC00121425.txt: HTTPConnectionPool(host='localhost', port=8000): Max retries exceeded with url: /api/upload_file (Caused by NewConnectionError('<urllib3.connection.HTTPConnection object at 0x104327190>: Failed to establish a new connection: [Errno 61] Connection refused'))
2025-01-26 21:21:10,669 - ERROR - Exception uploading USC00129253.txt: HTTPConnectionPool(host='localhost', port=8000): Max retries exceeded with url: /api/upload_file (Caused by NewConnectionError('<urllib3.connection.HTTPConnection object at 0x104345710>: Failed to establish a new connection: [Errno 61] Connection refused'))
2025-01-26 21:21:10,670 - ERROR - Exception uploading USC00250070.txt: HTTPConnectionPool(host='localhost', port=8000): Max retries exceeded with url: /api/upload_file (Caused by NewConnectionError('<urllib3.connection.HTTPConnection object at 0x104346e50>: Failed to establish a new connection: [Errno 61] Connection refused'))
2025-01-26 21:21:10,671 - ERROR - Exception uploading USC00252840.txt: HTTPConnectionPool(host='localhost', port=8000): Max retries exceeded with url: /api/upload_file (Caused by NewConnectionError('<urllib3.connection.HTTPConnection object at 0x10433a490>: Failed to establish a new connection: [Errno 61] Connection refused'))
2025-01-26 21:21:10,672 - ERROR - Exception uploading USC00116738.txt: HTTPConnectionPool(host='localhost', port=8000): Max retries exceeded with url: /api/upload_file (Caused by NewConnectionError('<urllib3.connection.HTTPConnection object at 0x103626bd0>: Failed to establish a new connection: [Errno 61] Connection refused'))
2025-01-26 21:21:10,672 - ERROR - Exception uploading USC00253035.txt: HTTPConnectionPool(host='localhost', port=8000): Max retries exceeded with url: /api/upload_file (Caused by NewConnectionError('<urllib3.connection.HTTPConnection object at 0x1043392d0>: Failed to establish a new connection: [Errno 61] Connection refused'))
2025-01-26 21:21:10,673 - ERROR - Exception uploading USC00130112.txt: HTTPConnectionPool(host='localhost', port=8000): Max retries exceeded with url: /api/upload_file (Caused by NewConnectionError('<urllib3.connection.HTTPConnection object at 0x104339a10>: Failed to establish a new connection: [Errno 61] Connection refused'))
2025-01-26 21:21:10,674 - ERROR - Exception uploading USC00338534.txt: HTTPConnectionPool(host='localhost', port=8000): Max retries exceeded with url: /api/upload_file (Caused by NewConnectionError('<urllib3.connection.HTTPConnection object at 0x10433a150>: Failed to establish a new connection: [Errno 61] Connection refused'))
2025-01-26 21:21:10,675 - ERROR - Exception uploading USC00115768.txt: HTTPConnectionPool(host='localhost', port=8000): Max retries exceeded with url: /api/upload_file (Caused by NewConnectionError('<urllib3.connection.HTTPConnection object at 0x1043479d0>: Failed to establish a new connection: [Errno 61] Connection refused'))
2025-01-26 21:21:10,676 - ERROR - Exception uploading USC00131635.txt: HTTPConnectionPool(host='localhost', port=8000): Max retries exceeded with url: /api/upload_file (Caused by NewConnectionError('<urllib3.connection.HTTPConnection object at 0x1042f9bd0>: Failed to establish a new connection: [Errno 61] Connection refused'))
2025-01-26 21:21:10,677 - ERROR - Exception uploading USC00251145.txt: HTTPConnectionPool(host='localhost', port=8000): Max retries exceeded with url: /api/upload_file (Caused by NewConnectionError('<urllib3.connection.HTTPConnection object at 0x104325f50>: Failed to establish a new connection: [Errno 61] Connection refused'))
2025-01-26 21:21:10,677 - ERROR - Exception uploading USC00252100.txt: HTTPConnectionPool(host='localhost', port=8000): Max retries exceeded with url: /api/upload_file (Caused by NewConnectionError('<urllib3.connection.HTTPConnection object at 0x1042f9b90>: Failed to establish a new connection: [Errno 61] Connection refused'))
2025-01-26 21:21:10,678 - ERROR - Exception uploading USC00119354.txt: HTTPConnectionPool(host='localhost', port=8000): Max retries exceeded with url: /api/upload_file (Caused by NewConnectionError('<urllib3.connection.HTTPConnection object at 0x104345610>: Failed to establish a new connection: [Errno 61] Connection refused'))
2025-01-26 21:21:10,679 - ERROR - Exception uploading USC00113335.txt: HTTPConnectionPool(host='localhost', port=8000): Max retries exceeded with url: /api/upload_file (Caused by NewConnectionError('<urllib3.connection.HTTPConnection object at 0x104347d10>: Failed to establish a new connection: [Errno 61] Connection refused'))
2025-01-26 21:21:10,680 - ERROR - Exception uploading USC00256570.txt: HTTPConnectionPool(host='localhost', port=8000): Max retries exceeded with url: /api/upload_file (Caused by NewConnectionError('<urllib3.connection.HTTPConnection object at 0x104325e10>: Failed to establish a new connection: [Errno 61] Connection refused'))
2025-01-26 21:21:10,681 - ERROR - Exception uploading USC00124837.txt: HTTPConnectionPool(host='localhost', port=8000): Max retries exceeded with url: /api/upload_file (Caused by NewConnectionError('<urllib3.connection.HTTPConnection object at 0x104338810>: Failed to establish a new connection: [Errno 61] Connection refused'))
2025-01-26 21:21:10,681 - ERROR - Exception uploading USC00112348.txt: HTTPConnectionPool(host='localhost', port=8000): Max retries exceeded with url: /api/upload_file (Caused by NewConnectionError('<urllib3.connection.HTTPConnection object at 0x104338550>: Failed to establish a new connection: [Errno 61] Connection refused'))
2025-01-26 21:21:10,682 - ERROR - Exception uploading USC00332791.txt: HTTPConnectionPool(host='localhost', port=8000): Max retries exceeded with url: /api/upload_file (Caused by NewConnectionError('<urllib3.connection.HTTPConnection object at 0x10433a210>: Failed to establish a new connection: [Errno 61] Connection refused'))
2025-01-26 21:21:10,683 - ERROR - Exception uploading USC00336118.txt: HTTPConnectionPool(host='localhost', port=8000): Max retries exceeded with url: /api/upload_file (Caused by NewConnectionError('<urllib3.connection.HTTPConnection object at 0x104338710>: Failed to establish a new connection: [Errno 61] Connection refused'))
2025-01-26 21:21:10,684 - ERROR - Exception uploading USC00129080.txt: HTTPConnectionPool(host='localhost', port=8000): Max retries exceeded with url: /api/upload_file (Caused by NewConnectionError('<urllib3.connection.HTTPConnection object at 0x10430b010>: Failed to establish a new connection: [Errno 61] Connection refused'))
2025-01-26 21:21:10,684 - ERROR - Exception uploading USC00127522.txt: HTTPConnectionPool(host='localhost', port=8000): Max retries exceeded with url: /api/upload_file (Caused by NewConnectionError('<urllib3.connection.HTTPConnection object at 0x104327e10>: Failed to establish a new connection: [Errno 61] Connection refused'))
2025-01-26 21:21:10,685 - ERROR - Exception uploading USC00125337.txt: HTTPConnectionPool(host='localhost', port=8000): Max retries exceeded with url: /api/upload_file (Caused by NewConnectionError('<urllib3.connection.HTTPConnection object at 0x104345c50>: Failed to establish a new connection: [Errno 61] Connection refused'))
2025-01-26 21:21:10,686 - ERROR - Exception uploading USC00123418.txt: HTTPConnectionPool(host='localhost', port=8000): Max retries exceeded with url: /api/upload_file (Caused by NewConnectionError('<urllib3.connection.HTTPConnection object at 0x104347890>: Failed to establish a new connection: [Errno 61] Connection refused'))
2025-01-26 21:21:10,687 - ERROR - Exception uploading USC00127482.txt: HTTPConnectionPool(host='localhost', port=8000): Max retries exceeded with url: /api/upload_file (Caused by NewConnectionError('<urllib3.connection.HTTPConnection object at 0x104344810>: Failed to establish a new connection: [Errno 61] Connection refused'))
2025-01-26 21:21:10,688 - ERROR - Exception uploading USC00121030.txt: HTTPConnectionPool(host='localhost', port=8000): Max retries exceeded with url: /api/upload_file (Caused by NewConnectionError('<urllib3.connection.HTTPConnection object at 0x104345c10>: Failed to establish a new connection: [Errno 61] Connection refused'))
2025-01-26 21:21:10,689 - ERROR - Exception uploading USC00253185.txt: HTTPConnectionPool(host='localhost', port=8000): Max retries exceeded with url: /api/upload_file (Caused by NewConnectionError('<urllib3.connection.HTTPConnection object at 0x10430af90>: Failed to establish a new connection: [Errno 61] Connection refused'))
2025-01-26 21:21:10,689 - ERROR - Exception uploading USC00331072.txt: HTTPConnectionPool(host='localhost', port=8000): Max retries exceeded with url: /api/upload_file (Caused by NewConnectionError('<urllib3.connection.HTTPConnection object at 0x104325a50>: Failed to establish a new connection: [Errno 61] Connection refused'))
2025-01-26 21:21:10,690 - ERROR - Exception uploading USC00120676.txt: HTTPConnectionPool(host='localhost', port=8000): Max retries exceeded with url: /api/upload_file (Caused by NewConnectionError('<urllib3.connection.HTTPConnection object at 0x10433b0d0>: Failed to establish a new connection: [Errno 61] Connection refused'))
2025-01-26 21:21:10,691 - ERROR - Exception uploading USC00127125.txt: HTTPConnectionPool(host='localhost', port=8000): Max retries exceeded with url: /api/upload_file (Caused by NewConnectionError('<urllib3.connection.HTTPConnection object at 0x10433a210>: Failed to establish a new connection: [Errno 61] Connection refused'))
2025-01-26 21:21:10,692 - ERROR - Exception uploading USC00331890.txt: HTTPConnectionPool(host='localhost', port=8000): Max retries exceeded with url: /api/upload_file (Caused by NewConnectionError('<urllib3.connection.HTTPConnection object at 0x104327c50>: Failed to establish a new connection: [Errno 61] Connection refused'))
2025-01-26 21:21:10,693 - ERROR - Exception uploading USC00254985.txt: HTTPConnectionPool(host='localhost', port=8000): Max retries exceeded with url: /api/upload_file (Caused by NewConnectionError('<urllib3.connection.HTTPConnection object at 0x104326890>: Failed to establish a new connection: [Errno 61] Connection refused'))
2025-01-26 21:21:10,694 - ERROR - Exception uploading USC00259090.txt: HTTPConnectionPool(host='localhost', port=8000): Max retries exceeded with url: /api/upload_file (Caused by NewConnectionError('<urllib3.connection.HTTPConnection object at 0x103b1d190>: Failed to establish a new connection: [Errno 61] Connection refused'))
2025-01-26 21:21:10,694 - INFO - Upload completed: 0 succeeded, 167 failed.
